{
  "stats": {
    "suites": 1,
    "tests": 2,
    "passes": 2,
    "pending": 0,
    "failures": 0,
    "start": "2023-04-04T01:02:48.701Z",
    "end": "2023-04-04T01:04:01.483Z",
    "duration": 72782,
    "testsRegistered": 2,
    "passPercent": 100,
    "pendingPercent": 0,
    "other": 0,
    "hasOther": false,
    "skipped": 0,
    "hasSkipped": false
  },
  "results": [
    {
      "uuid": "733cf562-2491-46d5-a743-8f02cc98d027",
      "title": "",
      "fullFile": "cypress\\e2e\\vixPayment.cy.js",
      "file": "cypress\\e2e\\vixPayment.cy.js",
      "beforeHooks": [],
      "afterHooks": [],
      "tests": [],
      "suites": [
        {
          "uuid": "84c46ee5-3f04-496c-8d3c-7a87fa15eca6",
          "title": "vixPayment",
          "fullFile": "",
          "file": "",
          "beforeHooks": [],
          "afterHooks": [],
          "tests": [
            {
              "title": "Scenario 2: User want to be able to checkout after deciding to join VIX VIP Access but user not logged in yet",
              "fullTitle": "vixPayment Scenario 2: User want to be able to checkout after deciding to join VIX VIP Access but user not logged in yet",
              "timedOut": null,
              "duration": 14950,
              "state": "passed",
              "speed": "slow",
              "pass": true,
              "fail": false,
              "pending": false,
              "context": null,
              "code": "cy.visit(\"https://web-staging.rakamin.com/virtual-internship-experience/explore\");\ncy.viewport(1280, 720);\ncy.contains('Home Credit Indonesia').click();\ncy.wait(2000);\ncy.get('[data-cy=\"register-vix-button\"]').click();\ncy.wait(2000);\ncy.get('p.sc-dCBTtU.hYMxcm').should('be.visible');\ncy.wait(2000);",
              "err": {},
              "uuid": "8e7560c3-c249-49ca-80d6-e1439e07cb6e",
              "parentUUID": "84c46ee5-3f04-496c-8d3c-7a87fa15eca6",
              "isHook": false,
              "skipped": false
            },
            {
              "title": "Scenario 1: User want to be able to checkout after deciding to join VIX VIP Access when user already logged in",
              "fullTitle": "vixPayment Scenario 1: User want to be able to checkout after deciding to join VIX VIP Access when user already logged in",
              "timedOut": null,
              "duration": 54676,
              "state": "passed",
              "speed": "slow",
              "pass": true,
              "fail": false,
              "pending": false,
              "context": null,
              "code": "cy.visit(\"https://web-staging.rakamin.com/\");\ncy.viewport(1280, 720);\ncy.wait(2000);\ncy.get('button').contains('Login').click();\ncy.wait(2000);\ncy.get('input[name=\"email\"]').type('rita@robot-mail.com');\ncy.wait(2000);\ncy.get('input[name=\"password\"]').type('qwertyuiop1234567890');\ncy.wait(2000);\ncy.get('[data-cy=\"login-submit-button\"]').click();\ncy.wait(2000);\ncy.contains('Mulai Karir Digitalmu dalam Hitungan Bulan atau Dapatkan Refund 100%').should('be.visible');\ncy.visit(\"https://web-staging.rakamin.com/virtual-internship-experience/explore\");\ncy.viewport(1280, 720);\ncy.wait(2000);\ncy.get('button').contains('OK').click();\ncy.wait(2000);\ncy.contains('Home Credit Indonesia').click();\ncy.wait(2000);\ncy.get('[data-cy=\"register-vix-button\"]').click();\ncy.wait(2000);\ncy.contains('Mohon untuk isi aplikasi dengan data yang benar dan sesuai. Seluruh data yang disubmit akan menjadi pertimbangan dalam proses seleksi Virtual Internship.').should('be.visible');\ncy.wait(2000);\ncy.get('input[name=\"phone_number\"]').type('6281254932128');\ncy.wait(2000);\ncy.get('input[name=\"linkedin_url\"]').type('https://www.linkedin.com/in/ritapurnama/');\ncy.wait(2000);\ncy.get('[data-cy=\"vix-info-source-option-1\"]').click();\ncy.wait(2000);\ncy.get('[data-cy=\"agreement-checkbox\"]').click();\ncy.wait(2000);\ncy.get('[data-cy=\"vix-form-submit-button\"]').click();\ncy.wait(2000);\ncy.contains('Lanjutkan untuk mendaftar Program').should('be.visible');\ncy.wait(2000);\ncy.get('button').contains('Lanjutkan').click();\ncy.wait(2000);\ncy.get('[data-cy=\"vip-access-checkbox\"]').click();\ncy.wait(2000);\ncy.get('button').contains('Lanjutkan ke Pembayaran').click();\ncy.wait(2000);",
              "err": {},
              "uuid": "827a5dfd-8e46-4f67-b131-c68a2b6c78e7",
              "parentUUID": "84c46ee5-3f04-496c-8d3c-7a87fa15eca6",
              "isHook": false,
              "skipped": false
            }
          ],
          "suites": [],
          "passes": [
            "8e7560c3-c249-49ca-80d6-e1439e07cb6e",
            "827a5dfd-8e46-4f67-b131-c68a2b6c78e7"
          ],
          "failures": [],
          "pending": [],
          "skipped": [],
          "duration": 69626,
          "root": false,
          "rootEmpty": false,
          "_timeout": 2000
        }
      ],
      "passes": [],
      "failures": [],
      "pending": [],
      "skipped": [],
      "duration": 0,
      "root": true,
      "rootEmpty": true,
      "_timeout": 2000
    }
  ],
  "meta": {
    "mocha": {
      "version": "7.0.1"
    },
    "mochawesome": {
      "options": {
        "quiet": false,
        "reportFilename": "mochawesome",
        "saveHtml": false,
        "saveJson": true,
        "consoleReporter": "spec",
        "useInlineDiffs": false,
        "code": true
      },
      "version": "7.1.3"
    },
    "marge": {
      "options": {
        "overwrite": false,
        "html": false,
        "json": true,
        "reportDir": "cypress\\reports\\html\\.jsons"
      },
      "version": "6.2.0"
    }
  }
}